build/app/intermediates/manifest_merge_blame_file/release/manifest-merger-blame-release-report.txt
1<?xml version="1.0" encoding="utf-8"?>
2<manifest xmlns:android="http://schemas.android.com/apk/res/android"
3    package="com.icati.icati_app"
4    android:versionCode="1"
5    android:versionName="1.0.0" >
6
7    <uses-sdk
8        android:minSdkVersion="21"
8-->src\main\AndroidManifest.xml
9        android:targetSdkVersion="30" />
9-->src\main\AndroidManifest.xml
10
11    <uses-permission android:name="android.permission.INTERNET" />
11-->src\main\AndroidManifest.xml:4:5-67
11-->src\main\AndroidManifest.xml:4:22-64
12    <uses-permission android:name="android.permission.ACCESS_FINE_LOCATION" />
12-->src\main\AndroidManifest.xml:5:5-79
12-->src\main\AndroidManifest.xml:5:22-76
13    <uses-permission android:name="android.permission.ACCESS_COARSE_LOCATION" />
13-->src\main\AndroidManifest.xml:6:5-81
13-->src\main\AndroidManifest.xml:6:22-78
14    <uses-permission android:name="android.permission.CAMERA" />
14-->src\main\AndroidManifest.xml:7:5-64
14-->src\main\AndroidManifest.xml:7:22-62
15    <uses-permission android:name="android.permission.READ_EXTERNAL_STORAGE" />
15-->src\main\AndroidManifest.xml:8:5-79
15-->src\main\AndroidManifest.xml:8:22-77
16    <uses-permission android:name="android.permission.WRITE_EXTERNAL_STORAGE" />
16-->src\main\AndroidManifest.xml:9:5-80
16-->src\main\AndroidManifest.xml:9:22-78
17
18    <!--
19         io.flutter.app.FlutterApplication is an android.app.Application that
20         calls FlutterMain.startInitialization(this); in its onCreate method.
21         In most cases you can leave this as-is, but you if you want to provide
22         additional functionality it is fine to subclass or reimplement
23         FlutterApplication and put your custom class here.
24    -->
25    <queries>
25-->src\main\AndroidManifest.xml:16:10-37:15
26
27        <!-- If your app opens https URLs -->
28        <intent>
28-->src\main\AndroidManifest.xml:18:9-21:18
29            <action android:name="android.intent.action.VIEW" />
29-->src\main\AndroidManifest.xml:19:13-65
29-->src\main\AndroidManifest.xml:19:21-62
30
31            <data android:scheme="https" />
31-->src\main\AndroidManifest.xml:20:13-44
31-->src\main\AndroidManifest.xml:20:19-41
32        </intent>
33        <!-- If your app makes calls -->
34        <intent>
34-->src\main\AndroidManifest.xml:18:9-21:18
35            <action android:name="android.intent.action.DIAL" />
35-->src\main\AndroidManifest.xml:24:13-65
35-->src\main\AndroidManifest.xml:24:21-62
36
37            <data android:scheme="tel" />
37-->src\main\AndroidManifest.xml:20:13-44
37-->src\main\AndroidManifest.xml:20:19-41
38        </intent>
39        <!-- If your sends SMS messages -->
40        <intent>
40-->src\main\AndroidManifest.xml:18:9-21:18
41            <action android:name="android.intent.action.SENDTO" />
41-->src\main\AndroidManifest.xml:29:13-67
41-->src\main\AndroidManifest.xml:29:21-64
42
43            <data android:scheme="smsto" />
43-->src\main\AndroidManifest.xml:20:13-44
43-->src\main\AndroidManifest.xml:20:19-41
44        </intent>
45        <!-- If your app sends emails -->
46        <intent>
46-->src\main\AndroidManifest.xml:18:9-21:18
47            <action android:name="android.intent.action.SEND" />
47-->src\main\AndroidManifest.xml:34:13-65
47-->src\main\AndroidManifest.xml:34:21-62
48
49            <data android:mimeType="*/*" />
49-->src\main\AndroidManifest.xml:20:13-44
49-->src\main\AndroidManifest.xml:35:19-41
50        </intent>
51        <intent>
51-->src\main\AndroidManifest.xml:18:9-21:18
52            <action android:name="android.intent.action.GET_CONTENT" />
53
54            <data android:mimeType="*/*" />
54-->src\main\AndroidManifest.xml:20:13-44
54-->src\main\AndroidManifest.xml:35:19-41
55        </intent>
56        <intent>
56-->src\main\AndroidManifest.xml:18:9-21:18
57            <action android:name="android.support.customtabs.action.CustomTabsService" />
58        </intent>
59        <intent>
59-->src\main\AndroidManifest.xml:18:9-21:18
60            <action android:name="android.media.browse.MediaBrowserService" />
61        </intent>
62        <intent>
62-->src\main\AndroidManifest.xml:18:9-21:18
63            <action android:name="androidx.media2.session.MediaSessionService" />
64        </intent>
65        <intent>
65-->src\main\AndroidManifest.xml:18:9-21:18
66            <action android:name="androidx.media2.session.MediaLibraryService" />
67        </intent>
68    </queries>
69
70    <uses-permission android:name="android.permission.ACCESS_NETWORK_STATE" />
70-->[:firebase_analytics] AndroidManifest.xml:7:5-79
70-->[:firebase_analytics] AndroidManifest.xml:7:22-76
71    <uses-permission android:name="android.permission.WAKE_LOCK" /> <!-- Create a unique permission for your app and use it so only your app can receive your OneSignal messages. -->
71-->[:firebase_analytics] AndroidManifest.xml:9:5-68
71-->[:firebase_analytics] AndroidManifest.xml:9:22-65
72    <permission
72-->[com.onesignal:OneSignal:4.6.6] AndroidManifest.xml:7:5-9:47
73        android:name="com.icati.icati_app.permission.C2D_MESSAGE"
73-->[com.onesignal:OneSignal:4.6.6] AndroidManifest.xml:8:9-63
74        android:protectionLevel="signature" />
74-->[com.onesignal:OneSignal:4.6.6] AndroidManifest.xml:9:9-44
75
76    <uses-permission android:name="com.icati.icati_app.permission.C2D_MESSAGE" /> <!-- c2dm RECEIVE are basic requirements for push messages through Google's FCM -->
76-->[com.onesignal:OneSignal:4.6.6] AndroidManifest.xml:11:5-79
76-->[com.onesignal:OneSignal:4.6.6] AndroidManifest.xml:11:22-76
77    <uses-permission android:name="com.google.android.c2dm.permission.RECEIVE" />
77-->[com.onesignal:OneSignal:4.6.6] AndroidManifest.xml:17:5-82
77-->[com.onesignal:OneSignal:4.6.6] AndroidManifest.xml:17:22-79
78    <!--
79 Required so the device vibrates on receiving a push notification.
80         Vibration settings of the device still apply.
81    -->
82    <uses-permission android:name="android.permission.VIBRATE" />
82-->[com.onesignal:OneSignal:4.6.6] AndroidManifest.xml:23:5-66
82-->[com.onesignal:OneSignal:4.6.6] AndroidManifest.xml:23:22-63
83    <!--
84 Use to restore notifications the user hasn't interacted with.
85         They could be missed notifications if the user reboots their device if this isn't in place.
86    -->
87    <uses-permission android:name="android.permission.RECEIVE_BOOT_COMPLETED" /> <!-- START: ShortcutBadger -->
87-->[com.onesignal:OneSignal:4.6.6] AndroidManifest.xml:29:5-81
87-->[com.onesignal:OneSignal:4.6.6] AndroidManifest.xml:29:22-78
88    <!-- Samsung -->
89    <uses-permission android:name="com.sec.android.provider.badge.permission.READ" />
89-->[com.onesignal:OneSignal:4.6.6] AndroidManifest.xml:31:5-86
89-->[com.onesignal:OneSignal:4.6.6] AndroidManifest.xml:31:22-83
90    <uses-permission android:name="com.sec.android.provider.badge.permission.WRITE" /> <!-- HTC -->
90-->[com.onesignal:OneSignal:4.6.6] AndroidManifest.xml:32:5-87
90-->[com.onesignal:OneSignal:4.6.6] AndroidManifest.xml:32:22-84
91    <uses-permission android:name="com.htc.launcher.permission.READ_SETTINGS" />
91-->[com.onesignal:OneSignal:4.6.6] AndroidManifest.xml:33:5-81
91-->[com.onesignal:OneSignal:4.6.6] AndroidManifest.xml:33:22-78
92    <uses-permission android:name="com.htc.launcher.permission.UPDATE_SHORTCUT" /> <!-- Sony -->
92-->[com.onesignal:OneSignal:4.6.6] AndroidManifest.xml:34:5-83
92-->[com.onesignal:OneSignal:4.6.6] AndroidManifest.xml:34:22-80
93    <uses-permission android:name="com.sonyericsson.home.permission.BROADCAST_BADGE" />
93-->[com.onesignal:OneSignal:4.6.6] AndroidManifest.xml:35:5-88
93-->[com.onesignal:OneSignal:4.6.6] AndroidManifest.xml:35:22-85
94    <uses-permission android:name="com.sonymobile.home.permission.PROVIDER_INSERT_BADGE" /> <!-- Apex -->
94-->[com.onesignal:OneSignal:4.6.6] AndroidManifest.xml:36:5-92
94-->[com.onesignal:OneSignal:4.6.6] AndroidManifest.xml:36:22-89
95    <uses-permission android:name="com.anddoes.launcher.permission.UPDATE_COUNT" /> <!-- Solid -->
95-->[com.onesignal:OneSignal:4.6.6] AndroidManifest.xml:37:5-84
95-->[com.onesignal:OneSignal:4.6.6] AndroidManifest.xml:37:22-81
96    <uses-permission android:name="com.majeur.launcher.permission.UPDATE_BADGE" /> <!-- Huawei -->
96-->[com.onesignal:OneSignal:4.6.6] AndroidManifest.xml:38:5-83
96-->[com.onesignal:OneSignal:4.6.6] AndroidManifest.xml:38:22-80
97    <uses-permission android:name="com.huawei.android.launcher.permission.CHANGE_BADGE" />
97-->[com.onesignal:OneSignal:4.6.6] AndroidManifest.xml:39:5-91
97-->[com.onesignal:OneSignal:4.6.6] AndroidManifest.xml:39:22-88
98    <uses-permission android:name="com.huawei.android.launcher.permission.READ_SETTINGS" />
98-->[com.onesignal:OneSignal:4.6.6] AndroidManifest.xml:40:5-92
98-->[com.onesignal:OneSignal:4.6.6] AndroidManifest.xml:40:22-89
99    <uses-permission android:name="com.huawei.android.launcher.permission.WRITE_SETTINGS" /> <!-- ZUK -->
99-->[com.onesignal:OneSignal:4.6.6] AndroidManifest.xml:41:5-93
99-->[com.onesignal:OneSignal:4.6.6] AndroidManifest.xml:41:22-90
100    <uses-permission android:name="android.permission.READ_APP_BADGE" /> <!-- OPPO -->
100-->[com.onesignal:OneSignal:4.6.6] AndroidManifest.xml:42:5-73
100-->[com.onesignal:OneSignal:4.6.6] AndroidManifest.xml:42:22-70
101    <uses-permission android:name="com.oppo.launcher.permission.READ_SETTINGS" />
101-->[com.onesignal:OneSignal:4.6.6] AndroidManifest.xml:43:5-82
101-->[com.onesignal:OneSignal:4.6.6] AndroidManifest.xml:43:22-79
102    <uses-permission android:name="com.oppo.launcher.permission.WRITE_SETTINGS" /> <!-- EvMe -->
102-->[com.onesignal:OneSignal:4.6.6] AndroidManifest.xml:44:5-83
102-->[com.onesignal:OneSignal:4.6.6] AndroidManifest.xml:44:22-80
103    <uses-permission android:name="me.everything.badger.permission.BADGE_COUNT_READ" />
103-->[com.onesignal:OneSignal:4.6.6] AndroidManifest.xml:45:5-88
103-->[com.onesignal:OneSignal:4.6.6] AndroidManifest.xml:45:22-85
104    <uses-permission android:name="me.everything.badger.permission.BADGE_COUNT_WRITE" />
104-->[com.onesignal:OneSignal:4.6.6] AndroidManifest.xml:46:5-89
104-->[com.onesignal:OneSignal:4.6.6] AndroidManifest.xml:46:22-86
105    <uses-permission android:name="com.google.android.gms.permission.AD_ID" />
105-->[com.facebook.android:facebook-core:13.0.0] AndroidManifest.xml:28:5-79
105-->[com.facebook.android:facebook-core:13.0.0] AndroidManifest.xml:28:22-76
106    <uses-permission android:name="android.permission.FOREGROUND_SERVICE" />
106-->[androidx.work:work-runtime:2.6.0] AndroidManifest.xml:28:5-77
106-->[androidx.work:work-runtime:2.6.0] AndroidManifest.xml:28:22-74
107    <uses-permission android:name="com.google.android.finsky.permission.BIND_GET_INSTALL_REFERRER_SERVICE" />
107-->[com.google.android.gms:play-services-measurement:20.0.2] AndroidManifest.xml:26:5-110
107-->[com.google.android.gms:play-services-measurement:20.0.2] AndroidManifest.xml:26:22-107
108
109    <uses-feature
109-->[com.google.android.gms:play-services-maps:17.0.0] AndroidManifest.xml:26:5-28:35
110        android:glEsVersion="0x00020000"
110-->[com.google.android.gms:play-services-maps:17.0.0] AndroidManifest.xml:27:9-41
111        android:required="true" />
111-->[com.google.android.gms:play-services-maps:17.0.0] AndroidManifest.xml:28:9-32
112
113    <application
113-->src\main\AndroidManifest.xml:38:5-148:19
114        android:name="io.flutter.app.FlutterApplication"
114-->src\main\AndroidManifest.xml:39:9-57
115        android:appComponentFactory="androidx.core.app.CoreComponentFactory"
115-->[androidx.core:core:1.6.0] AndroidManifest.xml:24:18-86
116        android:icon="@mipmap/launcher_icon"
116-->src\main\AndroidManifest.xml:41:9-45
117        android:label="ICATI"
117-->src\main\AndroidManifest.xml:40:9-30
118        android:supportsRtl="true"
118-->[com.facebook.android:facebook-login:13.0.0] AndroidManifest.xml:28:18-44
119        android:usesCleartextTraffic="true" >
119-->src\main\AndroidManifest.xml:42:9-44
120        <activity
120-->src\main\AndroidManifest.xml:43:9-127:20
121            android:name="com.icati.icati_app.MainActivity"
121-->src\main\AndroidManifest.xml:44:13-41
122            android:configChanges="orientation|keyboardHidden|keyboard|screenSize|smallestScreenSize|locale|layoutDirection|fontScale|screenLayout|density|uiMode"
122-->src\main\AndroidManifest.xml:47:13-163
123            android:hardwareAccelerated="true"
123-->src\main\AndroidManifest.xml:48:13-47
124            android:launchMode="singleTop"
124-->src\main\AndroidManifest.xml:45:13-43
125            android:theme="@style/LaunchTheme"
125-->src\main\AndroidManifest.xml:46:13-47
126            android:windowSoftInputMode="adjustResize" >
126-->src\main\AndroidManifest.xml:49:13-55
127
128            <!--
129                 Specifies an Android theme to apply to this Activity as soon as
130                 the Android process has started. This theme is visible to the user
131                 while the Flutter UI initializes. After that, this theme continues
132                 to determine the Window background behind the Flutter UI.
133            -->
134            <meta-data
134-->src\main\AndroidManifest.xml:54:13-57:17
135                android:name="io.flutter.embedding.android.NormalTheme"
135-->src\main\AndroidManifest.xml:55:15-70
136                android:resource="@style/NormalTheme" />
136-->src\main\AndroidManifest.xml:56:15-52
137            <!--
138                 Displays an Android View that continues showing the launch screen
139                 Drawable until Flutter paints its first frame, then this splash
140                 screen fades out. A splash screen is useful to avoid any visual
141                 gap between the end of Android's launch screen and the painting of
142                 Flutter's first frame.
143            -->
144            <meta-data
144-->src\main\AndroidManifest.xml:63:13-66:17
145                android:name="io.flutter.embedding.android.SplashScreenDrawable"
145-->src\main\AndroidManifest.xml:64:15-79
146                android:resource="@drawable/launch_background" />
146-->src\main\AndroidManifest.xml:65:15-61
147
148            <intent-filter>
148-->src\main\AndroidManifest.xml:67:13-70:29
149                <action android:name="android.intent.action.MAIN" />
149-->src\main\AndroidManifest.xml:68:17-68
149-->src\main\AndroidManifest.xml:68:25-66
150
151                <category android:name="android.intent.category.LAUNCHER" />
151-->src\main\AndroidManifest.xml:69:17-76
151-->src\main\AndroidManifest.xml:69:27-74
152            </intent-filter>
153            <intent-filter>
153-->src\main\AndroidManifest.xml:71:13-79:29
154                <action android:name="android.intent.action.VIEW" />
154-->src\main\AndroidManifest.xml:19:13-65
154-->src\main\AndroidManifest.xml:19:21-62
155
156                <category android:name="android.intent.category.DEFAULT" />
156-->src\main\AndroidManifest.xml:73:17-76
156-->src\main\AndroidManifest.xml:73:27-73
157                <category android:name="android.intent.category.BROWSABLE" />
157-->src\main\AndroidManifest.xml:74:17-78
157-->src\main\AndroidManifest.xml:74:27-75
158
159                <action android:name="android.intent.action.MAIN" />
159-->src\main\AndroidManifest.xml:68:17-68
159-->src\main\AndroidManifest.xml:68:25-66
160
161                <category android:name="android.intent.category.LAUNCHER" />
161-->src\main\AndroidManifest.xml:69:17-76
161-->src\main\AndroidManifest.xml:69:27-74
162
163                <data
163-->src\main\AndroidManifest.xml:20:13-44
164                    android:host="icati-45490.firebaseapp.com"
164-->src\main\AndroidManifest.xml:78:21-63
165                    android:scheme="https" />
165-->src\main\AndroidManifest.xml:20:19-41
166            </intent-filter>
167            <!-- Deep Links -->
168            <intent-filter>
168-->src\main\AndroidManifest.xml:81:13-99:29
169                <action android:name="android.intent.action.VIEW" />
169-->src\main\AndroidManifest.xml:19:13-65
169-->src\main\AndroidManifest.xml:19:21-62
170
171                <category android:name="android.intent.category.DEFAULT" />
171-->src\main\AndroidManifest.xml:73:17-76
171-->src\main\AndroidManifest.xml:73:27-73
172                <category android:name="android.intent.category.BROWSABLE" />
172-->src\main\AndroidManifest.xml:74:17-78
172-->src\main\AndroidManifest.xml:74:27-75
173
174                <data
174-->src\main\AndroidManifest.xml:20:13-44
175                    android:host="icati.webby.digital"
175-->src\main\AndroidManifest.xml:78:21-63
176                    android:pathPrefix="/member/reset-password"
176-->src\main\AndroidManifest.xml:88:21-64
177                    android:scheme="https" />
177-->src\main\AndroidManifest.xml:20:19-41
178                <!--
179                     <data
180                    android:scheme="https"
181                    android:host="icati.webby.digital"
182                    android:pathPrefix="/member/verifikasi-email"/>
183                -->
184                <data
184-->src\main\AndroidManifest.xml:20:13-44
185                    android:host="icati.webby.digital"
185-->src\main\AndroidManifest.xml:78:21-63
186                    android:pathPrefix="/member/verifikasi-change-email"
186-->src\main\AndroidManifest.xml:88:21-64
187                    android:scheme="https" />
187-->src\main\AndroidManifest.xml:20:19-41
188                <!--
189                  <data
190                  android:scheme="twittersdk://" />
191                -->
192            </intent-filter>
193            <!-- twitter -->
194            <intent-filter>
194-->src\main\AndroidManifest.xml:101:13-108:29
195                <action android:name="android.intent.action.VIEW" />
195-->src\main\AndroidManifest.xml:19:13-65
195-->src\main\AndroidManifest.xml:19:21-62
196
197                <category android:name="android.intent.category.DEFAULT" />
197-->src\main\AndroidManifest.xml:73:17-76
197-->src\main\AndroidManifest.xml:73:27-73
198                <category android:name="android.intent.category.BROWSABLE" />
198-->src\main\AndroidManifest.xml:74:17-78
198-->src\main\AndroidManifest.xml:74:27-75
199                <!-- Accepts URIs that begin with "example://gizmos” -->
200                <data
200-->src\main\AndroidManifest.xml:20:13-44
201                    android:host="gizmos"
201-->src\main\AndroidManifest.xml:78:21-63
202                    android:scheme="example" />
202-->src\main\AndroidManifest.xml:20:19-41
203            </intent-filter>
204            <!-- App Links -->
205            <!--
206            <intent-filter android:autoVerify="true">
207                <action android:name="android.intent.action.VIEW" />
208                <category android:name="android.intent.category.DEFAULT" />
209                <category android:name="android.intent.category.BROWSABLE" />
210                <data
211                    android:scheme="https"
212                    android:host="icati.webby.digital"
213                    android:pathPrefix="/member/reset-password"/>
214                <data
215                    android:scheme="https"
216                    android:host="icati.webby.digital"
217                    android:pathPrefix="/member/verifikasi-email"/>
218                <data
219                    android:scheme="https"
220                    android:host="icati.webby.digital"
221                    android:pathPrefix="/member/verifikasi-change-email"/>
222            </intent-filter>
223            -->
224        </activity>
225
226        <meta-data
226-->src\main\AndroidManifest.xml:128:9-108
227            android:name="com.onesignal.NotificationAccentColor.DEFAULT"
227-->src\main\AndroidManifest.xml:128:20-80
228            android:value="FF0094C6" />
228-->src\main\AndroidManifest.xml:128:81-105
229        <!--
230             Don't delete the meta-data below.
231             This is used by the Flutter tool to generate GeneratedPluginRegistrant.java
232        -->
233        <meta-data
233-->src\main\AndroidManifest.xml:131:9-132:70
234            android:name="com.google.android.geo.API_KEY"
234-->src\main\AndroidManifest.xml:131:20-65
235            android:value="AIzaSyDr8PjBcnOs9_wDtmG5ioo8kyXgFttuljw" />
235-->src\main\AndroidManifest.xml:132:13-68
236        <!-- android:value="AIzaSyACtcrgpH8YjEeX14etM26pSFAEcvuDoEk"/> -->
237        <meta-data
237-->src\main\AndroidManifest.xml:134:9-107
238            android:name="com.facebook.sdk.ApplicationId"
238-->src\main\AndroidManifest.xml:134:20-65
239            android:value="@string/facebook_app_id" />
239-->src\main\AndroidManifest.xml:134:66-105
240
241        <activity
241-->src\main\AndroidManifest.xml:135:9-137:44
242            android:name="com.facebook.FacebookActivity"
242-->src\main\AndroidManifest.xml:135:19-63
243            android:configChanges="keyboard|keyboardHidden|screenLayout|screenSize|orientation"
243-->src\main\AndroidManifest.xml:136:9-93
244            android:label="@string/app_name"
244-->src\main\AndroidManifest.xml:137:9-41
245            android:theme="@style/com_facebook_activity_theme" />
245-->[com.facebook.android:facebook-common:13.0.0] AndroidManifest.xml:33:13-63
246        <activity
246-->src\main\AndroidManifest.xml:138:9-144:20
247            android:name="com.facebook.CustomTabActivity"
247-->src\main\AndroidManifest.xml:138:19-64
248            android:exported="true" >
248-->src\main\AndroidManifest.xml:138:65-88
249            <intent-filter>
249-->src\main\AndroidManifest.xml:139:13-143:29
250                <action android:name="android.intent.action.VIEW" />
250-->src\main\AndroidManifest.xml:19:13-65
250-->src\main\AndroidManifest.xml:19:21-62
251
252                <category android:name="android.intent.category.DEFAULT" />
252-->src\main\AndroidManifest.xml:73:17-76
252-->src\main\AndroidManifest.xml:73:27-73
253                <category android:name="android.intent.category.BROWSABLE" />
253-->src\main\AndroidManifest.xml:74:17-78
253-->src\main\AndroidManifest.xml:74:27-75
254
255                <data android:scheme="@string/fb_login_protocol_scheme" />
255-->src\main\AndroidManifest.xml:20:13-44
255-->src\main\AndroidManifest.xml:20:19-41
256            </intent-filter>
257            <intent-filter>
257-->[com.facebook.android:facebook-common:13.0.0] AndroidManifest.xml:39:13-48:29
258                <action android:name="android.intent.action.VIEW" />
258-->src\main\AndroidManifest.xml:19:13-65
258-->src\main\AndroidManifest.xml:19:21-62
259
260                <category android:name="android.intent.category.DEFAULT" />
260-->src\main\AndroidManifest.xml:73:17-76
260-->src\main\AndroidManifest.xml:73:27-73
261                <category android:name="android.intent.category.BROWSABLE" />
261-->src\main\AndroidManifest.xml:74:17-78
261-->src\main\AndroidManifest.xml:74:27-75
262
263                <data
263-->src\main\AndroidManifest.xml:20:13-44
264                    android:host="cct.com.icati.icati_app"
264-->src\main\AndroidManifest.xml:78:21-63
265                    android:scheme="fbconnect" />
265-->src\main\AndroidManifest.xml:20:19-41
266            </intent-filter>
267        </activity>
268
269        <meta-data
269-->src\main\AndroidManifest.xml:145:9-147:33
270            android:name="flutterEmbedding"
270-->src\main\AndroidManifest.xml:146:13-44
271            android:value="2" />
271-->src\main\AndroidManifest.xml:147:13-30
272
273        <service
273-->[:firebase_dynamic_links] AndroidManifest.xml:10:9-14:19
274            android:name="com.google.firebase.components.ComponentDiscoveryService"
274-->[:firebase_dynamic_links] AndroidManifest.xml:10:18-89
275            android:directBootAware="true"
275-->[com.google.firebase:firebase-common:20.0.0] AndroidManifest.xml:35:13-43
276            android:exported="false" >
276-->[com.google.firebase:firebase-iid:21.1.0] AndroidManifest.xml:31:13-37
277            <meta-data
277-->[:firebase_dynamic_links] AndroidManifest.xml:11:13-13:85
278                android:name="com.google.firebase.components:io.flutter.plugins.firebase.dynamiclinks.FlutterFirebaseAppRegistrar"
278-->[:firebase_dynamic_links] AndroidManifest.xml:12:17-131
279                android:value="com.google.firebase.components.ComponentRegistrar" />
279-->[:firebase_dynamic_links] AndroidManifest.xml:13:17-82
280            <meta-data
280-->[:firebase_analytics] AndroidManifest.xml:13:13-15:85
281                android:name="com.google.firebase.components:io.flutter.plugins.firebaseanalytics.FlutterFirebaseAppRegistrar"
281-->[:firebase_analytics] AndroidManifest.xml:14:17-127
282                android:value="com.google.firebase.components.ComponentRegistrar" />
282-->[:firebase_analytics] AndroidManifest.xml:15:17-82
283            <meta-data
283-->[:firebase_auth] AndroidManifest.xml:9:13-11:85
284                android:name="com.google.firebase.components:io.flutter.plugins.firebase.auth.FlutterFirebaseAuthRegistrar"
284-->[:firebase_auth] AndroidManifest.xml:10:17-124
285                android:value="com.google.firebase.components.ComponentRegistrar" />
285-->[:firebase_auth] AndroidManifest.xml:11:17-82
286            <meta-data
286-->[:firebase_core] AndroidManifest.xml:9:13-11:85
287                android:name="com.google.firebase.components:io.flutter.plugins.firebase.core.FlutterFirebaseCoreRegistrar"
287-->[:firebase_core] AndroidManifest.xml:10:17-124
288                android:value="com.google.firebase.components.ComponentRegistrar" />
288-->[:firebase_core] AndroidManifest.xml:11:17-82
289            <meta-data
289-->[com.google.firebase:firebase-iid:21.1.0] AndroidManifest.xml:32:13-34:85
290                android:name="com.google.firebase.components:com.google.firebase.iid.Registrar"
290-->[com.google.firebase:firebase-iid:21.1.0] AndroidManifest.xml:33:17-96
291                android:value="com.google.firebase.components.ComponentRegistrar" />
291-->[com.google.firebase:firebase-iid:21.1.0] AndroidManifest.xml:34:17-82
292            <meta-data
292-->[com.google.firebase:firebase-auth:21.0.1] AndroidManifest.xml:77:13-79:85
293                android:name="com.google.firebase.components:com.google.firebase.auth.FirebaseAuthRegistrar"
293-->[com.google.firebase:firebase-auth:21.0.1] AndroidManifest.xml:78:17-109
294                android:value="com.google.firebase.components.ComponentRegistrar" />
294-->[com.google.firebase:firebase-auth:21.0.1] AndroidManifest.xml:79:17-82
295            <meta-data
295-->[com.google.firebase:firebase-dynamic-links:21.0.0] AndroidManifest.xml:27:13-29:85
296                android:name="com.google.firebase.components:com.google.firebase.dynamiclinks.internal.FirebaseDynamicLinkRegistrar"
296-->[com.google.firebase:firebase-dynamic-links:21.0.0] AndroidManifest.xml:28:17-133
297                android:value="com.google.firebase.components.ComponentRegistrar" />
297-->[com.google.firebase:firebase-dynamic-links:21.0.0] AndroidManifest.xml:29:17-82
298            <meta-data
298-->[com.google.firebase:firebase-messaging:23.0.0] AndroidManifest.xml:52:13-54:85
299                android:name="com.google.firebase.components:com.google.firebase.messaging.FirebaseMessagingRegistrar"
299-->[com.google.firebase:firebase-messaging:23.0.0] AndroidManifest.xml:53:17-119
300                android:value="com.google.firebase.components.ComponentRegistrar" />
300-->[com.google.firebase:firebase-messaging:23.0.0] AndroidManifest.xml:54:17-82
301            <meta-data
301-->[com.google.android.gms:play-services-measurement-api:20.0.2] AndroidManifest.xml:30:13-32:85
302                android:name="com.google.firebase.components:com.google.firebase.analytics.connector.internal.AnalyticsConnectorRegistrar"
302-->[com.google.android.gms:play-services-measurement-api:20.0.2] AndroidManifest.xml:31:17-139
303                android:value="com.google.firebase.components.ComponentRegistrar" />
303-->[com.google.android.gms:play-services-measurement-api:20.0.2] AndroidManifest.xml:32:17-82
304            <meta-data
304-->[com.google.firebase:firebase-installations:17.0.0] AndroidManifest.xml:18:13-20:85
305                android:name="com.google.firebase.components:com.google.firebase.installations.FirebaseInstallationsRegistrar"
305-->[com.google.firebase:firebase-installations:17.0.0] AndroidManifest.xml:19:17-127
306                android:value="com.google.firebase.components.ComponentRegistrar" />
306-->[com.google.firebase:firebase-installations:17.0.0] AndroidManifest.xml:20:17-82
307            <meta-data
307-->[com.google.firebase:firebase-datatransport:18.0.0] AndroidManifest.xml:28:13-30:85
308                android:name="com.google.firebase.components:com.google.firebase.datatransport.TransportRegistrar"
308-->[com.google.firebase:firebase-datatransport:18.0.0] AndroidManifest.xml:29:17-115
309                android:value="com.google.firebase.components.ComponentRegistrar" />
309-->[com.google.firebase:firebase-datatransport:18.0.0] AndroidManifest.xml:30:17-82
310        </service>
311
312        <provider
312-->[:image_picker] AndroidManifest.xml:8:9-16:20
313            android:name="io.flutter.plugins.imagepicker.ImagePickerFileProvider"
313-->[:image_picker] AndroidManifest.xml:9:13-82
314            android:authorities="com.icati.icati_app.flutter.image_provider"
314-->[:image_picker] AndroidManifest.xml:10:13-74
315            android:exported="false"
315-->[:image_picker] AndroidManifest.xml:11:13-37
316            android:grantUriPermissions="true" >
316-->[:image_picker] AndroidManifest.xml:12:13-47
317            <meta-data
317-->[:image_picker] AndroidManifest.xml:13:13-15:75
318                android:name="android.support.FILE_PROVIDER_PATHS"
318-->[:image_picker] AndroidManifest.xml:14:17-67